<?xml version="1.0" encoding="UTF-8"?>
<testsuite xmlns:xsi="http://www.w3.org/2001/XMLSchema-instance" xsi:noNamespaceSchemaLocation="https://maven.apache.org/surefire/maven-surefire-plugin/xsd/surefire-test-report-3.0.xsd" version="3.0" name="com.virtualchemistrylab.VirtualChemistryLabApplicationTests" time="18.496" tests="1" errors="0" skipped="0" failures="0">
  <properties>
[...]
</properties>
  <testcase name="contextLoads" classname="com.virtualchemistrylab.VirtualChemistryLabApplicationTests" time="1.654">
    <system-out><![CDATA[22:17:07.036 [main] INFO org.springframework.test.context.support.AnnotationConfigContextLoaderUtils -- Could not detect default configuration classes for test class [com.virtualchemistrylab.VirtualChemistryLabApplicationTests]: VirtualChemistryLabApplicationTests does not declare any static, non-private, non-final, nested classes annotated with @Configuration.
22:17:07.348 [main] INFO org.springframework.boot.test.context.SpringBootTestContextBootstrapper -- Found @SpringBootConfiguration com.virtualchemistrylab.VirtualChemistryLabApplication for test class com.virtualchemistrylab.VirtualChemistryLabApplicationTests

  .   ____          _            __ _ _
 /\\ / ___'_ __ _ _(_)_ __  __ _ \ \ \ \
( ( )\___ | '_ | '_| | '_ \/ _` | \ \ \ \
 \\/  ___)| |_)| | | | | || (_| |  ) ) ) )
  '  |____| .__|_| |_|_| |_\__, | / / / /
 =========|_|==============|___/=/_/_/_/
 :: Spring Boot ::                (v3.2.5)

2026-04-26T22:17:08.351+07:00  INFO 17176 --- [           main] c.v.VirtualChemistryLabApplicationTests  : Starting VirtualChemistryLabApplicationTests using Java 21.0.9 with PID 17176 (started by ADMIN in C:\Users\ADMIN\Documents\MyProject\TDU\backend)
2026-04-26T22:17:08.366+07:00  INFO 17176 --- [           main] c.v.VirtualChemistryLabApplicationTests  : No active profile set, falling back to 1 default profile: "default"
2026-04-26T22:17:11.458+07:00  INFO 17176 --- [           main] .s.d.r.c.RepositoryConfigurationDelegate : Bootstrapping Spring Data JPA repositories in DEFAULT mode.
2026-04-26T22:17:11.740+07:00  INFO 17176 --- [           main] .s.d.r.c.RepositoryConfigurationDelegate : Finished Spring Data repository scanning in 264 ms. Found 5 JPA repository interfaces.
2026-04-26T22:17:12.691+07:00  INFO 17176 --- [           main] c.v.config.DataSourceConfig              : 🔧  Đang cấu hình HikariCP → Supabase PostgreSQL (Session Pooler)...
2026-04-26T22:17:12.707+07:00  INFO 17176 --- [           main] c.v.config.DataSourceConfig              :     ✅  HikariCP bean tạo thành công. URL: jdbc:postgresql://aws-1-ap-southeast-1.pooler.supabase.com:5432/postgres?sslmode=require
2026-04-26T22:17:12.789+07:00  INFO 17176 --- [           main] com.zaxxer.hikari.HikariDataSource       : VCL-Supabase-Pool - Starting...
2026-04-26T22:17:14.274+07:00  INFO 17176 --- [           main] com.zaxxer.hikari.HikariDataSource       : VCL-Supabase-Pool - Start completed.
2026-04-26T22:17:14.626+07:00  INFO 17176 --- [           main] o.hibernate.jpa.internal.util.LogHelper  : HHH000204: Processing PersistenceUnitInfo [name: default]
2026-04-26T22:17:14.752+07:00  INFO 17176 --- [           main] org.hibernate.Version                    : HHH000412: Hibernate ORM core version 6.4.4.Final
2026-04-26T22:17:14.807+07:00  INFO 17176 --- [           main] o.h.c.internal.RegionFactoryInitiator    : HHH000026: Second-level cache disabled
2026-04-26T22:17:15.425+07:00  INFO 17176 --- [           main] o.s.o.j.p.SpringPersistenceUnitInfo      : No LoadTimeWeaver setup: ignoring JPA class transformer
2026-04-26T22:17:15.954+07:00  WARN 17176 --- [           main] org.hibernate.orm.deprecation            : HHH90000025: PostgreSQLDialect does not need to be specified explicitly using 'hibernate.dialect' (remove the property setting and it will be selected by default)
2026-04-26T22:17:17.784+07:00  INFO 17176 --- [           main] o.h.e.t.j.p.i.JtaPlatformInitiator       : HHH000489: No JTA platform available (set 'hibernate.transaction.jta.platform' to enable JTA platform integration)
Hibernate: 
    drop table if exists api_error_logs cascade
Hibernate: 
    drop table if exists chemical_cache cascade
Hibernate: 
    drop table if exists experiment_logs cascade
Hibernate: 
    drop table if exists experiment_sessions cascade
Hibernate: 
    drop table if exists reaction_api_cache cascade
Hibernate: 
    create table api_error_logs (
        created_at timestamp(6),
        id bigserial not null,
        api_name varchar(100) not null,
        error_message TEXT,
        request_payload TEXT,
        primary key (id)
    )
Hibernate: 
    create table chemical_cache (
        created_at timestamp(6),
        id bigserial not null,
        updated_at timestamp(6),
        inchikey varchar(27),
        source varchar(50),
        canonical_name varchar(512),
        smiles varchar(1024),
        canonical_formula varchar(255),
        inchi TEXT,
        input_query varchar(255) not null,
        raw_response TEXT,
        primary key (id)
    )
Hibernate: 
    create table experiment_logs (
        created_at timestamp(6),
        id bigserial not null,
        action_type varchar(50) not null,
        session_code varchar(100) not null,
        request_payload TEXT,
        response_payload TEXT,
        primary key (id)
    )
Hibernate: 
    create table experiment_sessions (
        created_at timestamp(6),
        id bigserial not null,
        last_active_at timestamp(6),
        session_code varchar(100) not null unique,
        primary key (id)
    )
Hibernate: 
    create table reaction_api_cache (
        confidence float(53),
        verified boolean,
        created_at timestamp(6),
        id bigserial not null,
        last_used_at timestamp(6),
        source varchar(50),
        reaction_key varchar(1024) not null unique,
        input_payload TEXT,
        normalized_result TEXT,
        raw_prediction_response TEXT,
        primary key (id)
    )
Hibernate: 
    create index idx_chemical_input 
       on chemical_cache (input_query)
Hibernate: 
    create index idx_log_session 
       on experiment_logs (session_code)
2026-04-26T22:17:18.691+07:00  INFO 17176 --- [           main] j.LocalContainerEntityManagerFactoryBean : Initialized JPA EntityManagerFactory for persistence unit 'default'
2026-04-26T22:17:21.506+07:00  WARN 17176 --- [           main] JpaBaseConfiguration$JpaWebConfiguration : spring.jpa.open-in-view is enabled by default. Therefore, database queries may be performed during view rendering. Explicitly configure spring.jpa.open-in-view to disable this warning
2026-04-26T22:17:23.241+07:00  INFO 17176 --- [           main] c.v.VirtualChemistryLabApplicationTests  : Started VirtualChemistryLabApplicationTests in 15.535 seconds (process running for 18.451)
2026-04-26T22:17:23.269+07:00  INFO 17176 --- [           main] c.v.config.ConnectionHealthListener      : 
2026-04-26T22:17:23.276+07:00  INFO 17176 --- [           main] c.v.config.ConnectionHealthListener      : ╔══════════════════════════════════════════════════════════════╗
2026-04-26T22:17:23.298+07:00  INFO 17176 --- [           main] c.v.config.ConnectionHealthListener      : ║        🧪  Virtual Chemistry Lab – Backend Ready            ║
2026-04-26T22:17:23.299+07:00  INFO 17176 --- [           main] c.v.config.ConnectionHealthListener      : ╠══════════════════════════════════════════════════════════════╣
2026-04-26T22:17:23.299+07:00  INFO 17176 --- [           main] c.v.config.ConnectionHealthListener      : ║  🌐  Swagger UI   : http://localhost:8080/swagger-ui.html   ║
2026-04-26T22:17:23.300+07:00  INFO 17176 --- [           main] c.v.config.ConnectionHealthListener      : ║  📋  API Docs     : http://localhost:8080/v3/api-docs        ║
2026-04-26T22:17:23.301+07:00  INFO 17176 --- [           main] c.v.config.ConnectionHealthListener      : ╚══════════════════════════════════════════════════════════════╝
2026-04-26T22:17:23.301+07:00  INFO 17176 --- [           main] c.v.config.ConnectionHealthListener      : 
2026-04-26T22:17:23.301+07:00  INFO 17176 --- [           main] c.v.config.DatabaseConnectionSingleton   : ━━━━━━━━━━━━━━━━━━━━━━━━━━━━━━━━━━━━━━━━━━━━━━━━━━━━━━━━━━━━
2026-04-26T22:17:23.301+07:00  INFO 17176 --- [           main] c.v.config.DatabaseConnectionSingleton   : 🔌  Đang kiểm tra kết nối tới Supabase PostgreSQL...
2026-04-26T22:17:23.350+07:00  INFO 17176 --- [           main] c.v.config.DatabaseConnectionSingleton   : ✅  KẾT NỐI THÀNH CÔNG!
2026-04-26T22:17:23.350+07:00  INFO 17176 --- [           main] c.v.config.DatabaseConnectionSingleton   :     ┌─────────────────────────────────────────────────
2026-04-26T22:17:23.350+07:00  INFO 17176 --- [           main] c.v.config.DatabaseConnectionSingleton   :     │  🗄️  Database   : PostgreSQL
2026-04-26T22:17:23.351+07:00  INFO 17176 --- [           main] c.v.config.DatabaseConnectionSingleton   :     │  📦  Version    : 17.6
2026-04-26T22:17:23.351+07:00  INFO 17176 --- [           main] c.v.config.DatabaseConnectionSingleton   :     │  🌐  JDBC URL   : jdbc:postgresql://aws-1-ap-southeast-1.pooler.supabase.com:5432/postgres?sslmode=require
2026-04-26T22:17:23.351+07:00  INFO 17176 --- [           main] c.v.config.DatabaseConnectionSingleton   :     │  👤  Username   : postgres.yesykibnglunqlspikin
2026-04-26T22:17:23.351+07:00  INFO 17176 --- [           main] c.v.config.DatabaseConnectionSingleton   :     │  🔗  Pool Type  : HikariCP
2026-04-26T22:17:23.352+07:00  INFO 17176 --- [           main] c.v.config.DatabaseConnectionSingleton   :     └─────────────────────────────────────────────────
2026-04-26T22:17:23.352+07:00  INFO 17176 --- [           main] c.v.config.DatabaseConnectionSingleton   : ━━━━━━━━━━━━━━━━━━━━━━━━━━━━━━━━━━━━━━━━━━━━━━━━━━━━━━━━━━━━
2026-04-26T22:17:23.354+07:00  INFO 17176 --- [           main] c.v.config.ConnectionHealthListener      : 🚀  Ứng dụng khởi động hoàn tất – Supabase PostgreSQL đã sẵn sàng!
2026-04-26T22:17:23.354+07:00  INFO 17176 --- [           main] c.v.config.ConnectionHealthListener      : 
]]></system-out>
    <system-err><![CDATA[WARNING: A Java agent has been loaded dynamically (C:\Users\ADMIN\.m2\repository\net\bytebuddy\byte-buddy-agent\1.14.13\byte-buddy-agent-1.14.13.jar)
WARNING: If a serviceability tool is in use, please run with -XX:+EnableDynamicAgentLoading to hide this warning
WARNING: If a serviceability tool is not in use, please run with -Djdk.instrument.traceUsage for more information
WARNING: Dynamic loading of agents will be disallowed by default in a future release
]]></system-err>
  </testcase>
</testsuite>